This is pdfTeX, Version 3.141592653-2.6-1.40.26 (TeX Live 2024) (preloaded format=pdflatex 2024.8.2)  15 AUG 2024 21:54
entering extended mode
 restricted \write18 enabled.
 %&-line parsing enabled.
**manuscript.tex
(./manuscript.tex
LaTeX2e <2024-06-01> patch level 2
L3 programming layer <2024-05-27>
(c:/texlive/2024/texmf-dist/tex/latex/base/article.cls
Document Class: article 2024/02/08 v1.4n Standard LaTeX document class
(c:/texlive/2024/texmf-dist/tex/latex/base/size10.clo
File: size10.clo 2024/02/08 v1.4n Standard LaTeX file (size option)
)
\c@part=\count194
\c@section=\count195
\c@subsection=\count196
\c@subsubsection=\count197
\c@paragraph=\count198
\c@subparagraph=\count199
\c@figure=\count266
\c@table=\count267
\abovecaptionskip=\skip49
\belowcaptionskip=\skip50
\bibindent=\dimen141
)
(c:/texlive/2024/texmf-dist/tex/latex/apacite/apacite.sty
Package: apacite 2013/07/21 v6.03 APA citation
\c@BibCnt=\count268
\bibleftmargin=\skip51
\bibindent=\skip52
\bibparsep=\skip53
\bibitemsep=\skip54
\biblabelsep=\skip55
)
(c:/texlive/2024/texmf-dist/tex/latex/base/fontenc.sty
Package: fontenc 2021/04/29 v2.0v Standard LaTeX package
)
(c:/texlive/2024/texmf-dist/tex/latex/graphics/graphicx.sty
Package: graphicx 2021/09/16 v1.2d Enhanced LaTeX Graphics (DPC,SPQR)

(c:/texlive/2024/texmf-dist/tex/latex/graphics/keyval.sty
Package: keyval 2022/05/29 v1.15 key=value parser (DPC)
\KV@toks@=\toks17
)
(c:/texlive/2024/texmf-dist/tex/latex/graphics/graphics.sty
Package: graphics 2024/05/23 v1.4g Standard LaTeX Graphics (DPC,SPQR)

(c:/texlive/2024/texmf-dist/tex/latex/graphics/trig.sty
Package: trig 2023/12/02 v1.11 sin cos tan (DPC)
)
(c:/texlive/2024/texmf-dist/tex/latex/graphics-cfg/graphics.cfg
File: graphics.cfg 2016/06/04 v1.11 sample graphics configuration
)
Package graphics Info: Driver file: pdftex.def on input line 106.

(c:/texlive/2024/texmf-dist/tex/latex/graphics-def/pdftex.def
File: pdftex.def 2024/04/13 v1.2c Graphics/color driver for pdftex
))
\Gin@req@height=\dimen142
\Gin@req@width=\dimen143
)
(c:/texlive/2024/texmf-dist/tex/latex/booktabs/booktabs.sty
Package: booktabs 2020/01/12 v1.61803398 Publication quality tables
\heavyrulewidth=\dimen144
\lightrulewidth=\dimen145
\cmidrulewidth=\dimen146
\belowrulesep=\dimen147
\belowbottomsep=\dimen148
\aboverulesep=\dimen149
\abovetopsep=\dimen150
\cmidrulesep=\dimen151
\cmidrulekern=\dimen152
\defaultaddspace=\dimen153
\@cmidla=\count269
\@cmidlb=\count270
\@aboverulesep=\dimen154
\@belowrulesep=\dimen155
\@thisruleclass=\count271
\@lastruleclass=\count272
\@thisrulewidth=\dimen156
)
(c:/texlive/2024/texmf-dist/tex/latex/float/float.sty
Package: float 2001/11/08 v1.3d Float enhancements (AL)
\c@float@type=\count273
\float@exts=\toks18
\float@box=\box52
\@float@everytoks=\toks19
\@floatcapt=\box53
)
(c:/texlive/2024/texmf-dist/tex/latex/caption/caption.sty
Package: caption 2023/08/05 v3.6o Customizing captions (AR)

(c:/texlive/2024/texmf-dist/tex/latex/caption/caption3.sty
Package: caption3 2023/07/31 v2.4d caption3 kernel (AR)
\caption@tempdima=\dimen157
\captionmargin=\dimen158
\caption@leftmargin=\dimen159
\caption@rightmargin=\dimen160
\caption@width=\dimen161
\caption@indent=\dimen162
\caption@parindent=\dimen163
\caption@hangindent=\dimen164
Package caption Info: Standard document class detected.
)
\c@caption@flags=\count274
\c@continuedfloat=\count275
Package caption Info: float package is loaded.
)
(c:/texlive/2024/texmf-dist/tex/latex/natbib/natbib.sty
Package: natbib 2010/09/13 8.31b (PWD, AO)
\bibhang=\skip56
\bibsep=\skip57
LaTeX Info: Redefining \cite on input line 694.
LaTeX Info: Redefining \citeauthor on input line 712.
LaTeX Info: Redefining \citeyear on input line 735.
\c@NAT@ctr=\count276
)
(c:/texlive/2024/texmf-dist/tex/latex/setspace/setspace.sty
Package: setspace 2022/12/04 v6.7b set line spacing
)
(c:/texlive/2024/texmf-dist/tex/latex/tools/longtable.sty
Package: longtable 2024-04-26 v4.20 Multi-page Table package (DPC)
\LTleft=\skip58
\LTright=\skip59
\LTpre=\skip60
\LTpost=\skip61
\LTchunksize=\count277
\LTcapwidth=\dimen165
\LT@head=\box54
\LT@firsthead=\box55
\LT@foot=\box56
\LT@lastfoot=\box57
\LT@gbox=\box58
\LT@cols=\count278
\LT@rows=\count279
\c@LT@tables=\count280
\c@LT@chunks=\count281
\LT@p@ftn=\toks20
)
(c:/texlive/2024/texmf-dist/tex/latex/tools/array.sty
Package: array 2024/06/14 v2.6d Tabular extension package (FMi)
\col@sep=\dimen166
\ar@mcellbox=\box59
\extrarowheight=\dimen167
\NC@list=\toks21
\extratabsurround=\skip62
\backup@length=\skip63
\ar@cellbox=\box60
)
(c:/texlive/2024/texmf-dist/tex/latex/geometry/geometry.sty
Package: geometry 2020/01/02 v5.9 Page Geometry

(c:/texlive/2024/texmf-dist/tex/generic/iftex/ifvtex.sty
Package: ifvtex 2019/10/25 v1.7 ifvtex legacy package. Use iftex instead.

(c:/texlive/2024/texmf-dist/tex/generic/iftex/iftex.sty
Package: iftex 2022/02/03 v1.0f TeX engine tests
))
\Gm@cnth=\count282
\Gm@cntv=\count283
\c@Gm@tempcnt=\count284
\Gm@bindingoffset=\dimen168
\Gm@wd@mp=\dimen169
\Gm@odd@mp=\dimen170
\Gm@even@mp=\dimen171
\Gm@layoutwidth=\dimen172
\Gm@layoutheight=\dimen173
\Gm@layouthoffset=\dimen174
\Gm@layoutvoffset=\dimen175
\Gm@dimlist=\toks22
)
(c:/texlive/2024/texmf-dist/tex/latex/url/url.sty
\Urlmuskip=\muskip17
Package: url 2013/09/16  ver 3.4  Verb mode for urls, etc.
)
(c:/texlive/2024/texmf-dist/tex/latex/l3backend/l3backend-pdftex.def
File: l3backend-pdftex.def 2024-05-08 L3 backend support: PDF output (pdfTeX)
\l__color_backend_stack_int=\count285
\l__pdf_internal_box=\box61
)
(./manuscript.aux)
\openout1 = `manuscript.aux'.

LaTeX Font Info:    Checking defaults for OML/cmm/m/it on input line 20.
LaTeX Font Info:    ... okay on input line 20.
LaTeX Font Info:    Checking defaults for OMS/cmsy/m/n on input line 20.
LaTeX Font Info:    ... okay on input line 20.
LaTeX Font Info:    Checking defaults for OT1/cmr/m/n on input line 20.
LaTeX Font Info:    ... okay on input line 20.
LaTeX Font Info:    Checking defaults for T1/cmr/m/n on input line 20.
LaTeX Font Info:    ... okay on input line 20.
LaTeX Font Info:    Checking defaults for TS1/cmr/m/n on input line 20.
LaTeX Font Info:    ... okay on input line 20.
LaTeX Font Info:    Checking defaults for OMX/cmex/m/n on input line 20.
LaTeX Font Info:    ... okay on input line 20.
LaTeX Font Info:    Checking defaults for U/cmr/m/n on input line 20.
LaTeX Font Info:    ... okay on input line 20.
\c@maskedRefs=\count286
 (c:/texlive/2024/texmf-dist/tex/latex/apacite/english.apc
File: english.apc 2013/07/21 v6.03 apacite language file
LaTeX Info: Redefining \BPBI on input line 129.
LaTeX Info: Redefining \BHBI on input line 130.
)
(c:/texlive/2024/texmf-dist/tex/context/base/mkii/supp-pdf.mkii
[Loading MPS to PDF converter (version 2006.09.02).]
\scratchcounter=\count287
\scratchdimen=\dimen176
\scratchbox=\box62
\nofMPsegments=\count288
\nofMParguments=\count289
\everyMPshowfont=\toks23
\MPscratchCnt=\count290
\MPscratchDim=\dimen177
\MPnumerator=\count291
\makeMPintoPDFobject=\count292
\everyMPtoPDFconversion=\toks24
) (c:/texlive/2024/texmf-dist/tex/latex/epstopdf-pkg/epstopdf-base.sty
Package: epstopdf-base 2020-01-24 v2.11 Base part for package epstopdf
Package epstopdf-base Info: Redefining graphics rule for `.eps' on input line 4
85.

(c:/texlive/2024/texmf-dist/tex/latex/latexconfig/epstopdf-sys.cfg
File: epstopdf-sys.cfg 2010/07/13 v1.3 Configuration of (r)epstopdf for TeX Liv
e
))
Package caption Info: Begin \AtBeginDocument code.
Package caption Info: longtable package is loaded.

(c:/texlive/2024/texmf-dist/tex/latex/caption/ltcaption.sty
Package: ltcaption 2021/01/08 v1.4c longtable captions (AR)
)
Package caption Info: End \AtBeginDocument code.

*geometry* driver: auto-detecting
*geometry* detected driver: pdftex
*geometry* verbose mode - [ preamble ] result:
* driver: pdftex
* paper: <default>
* layout: <same size as paper>
* layoutoffset:(h,v)=(0.0pt,0.0pt)
* modes: 
* h-part:(L,W,R)=(92.14519pt, 430.00462pt, 92.14519pt)
* v-part:(T,H,B)=(95.39737pt, 556.47656pt, 143.09605pt)
* \paperwidth=614.295pt
* \paperheight=794.96999pt
* \textwidth=430.00462pt
* \textheight=556.47656pt
* \oddsidemargin=19.8752pt
* \evensidemargin=19.8752pt
* \topmargin=-13.87262pt
* \headheight=12.0pt
* \headsep=25.0pt
* \topskip=10.0pt
* \footskip=30.0pt
* \marginparwidth=65.0pt
* \marginparsep=11.0pt
* \columnsep=10.0pt
* \skip\footins=9.0pt plus 4.0pt minus 2.0pt
* \hoffset=0.0pt
* \voffset=0.0pt
* \mag=1000
* \@twocolumnfalse
* \@twosidefalse
* \@mparswitchfalse
* \@reversemarginfalse
* (1in=72.27pt=25.4mm, 1cm=28.453pt)

LaTeX Font Info:    External font `cmex10' loaded for size
(Font)              <12> on input line 22.
LaTeX Font Info:    External font `cmex10' loaded for size
(Font)              <8> on input line 22.
LaTeX Font Info:    External font `cmex10' loaded for size
(Font)              <6> on input line 22.


[1

{c:/texlive/2024/texmf-var/fonts/map/pdftex/updmap/pdftex.map}{c:/texlive/2024/
texmf-dist/fonts/enc/dvips/cm-super/cm-super-t1.enc}] (./manuscript.toc
LaTeX Font Info:    External font `cmex10' loaded for size
(Font)              <7> on input line 3.
LaTeX Font Info:    External font `cmex10' loaded for size
(Font)              <5> on input line 3.
)
\tf@toc=\write3
\openout3 = `manuscript.toc'.



[2] (./manuscript.lof)
\tf@lof=\write4
\openout4 = `manuscript.lof'.



[3] (./manuscript.lot)
\tf@lot=\write5
\openout5 = `manuscript.lot'.



[4]

[5]

[6]

[7]

[8]

[9]

[10]
Underfull \hbox (badness 6173) in paragraph at lines 155--155
[]|\T1/cmr/m/n/10 Review in-tro-duc-tory ma-te-rial
 []


Underfull \hbox (badness 6173) in paragraph at lines 156--156
[]|\T1/cmr/m/n/10 Review in-tro-duc-tory ma-te-rial
 []


Underfull \hbox (badness 6173) in paragraph at lines 158--158
[]|\T1/cmr/m/n/10 Review in-tro-duc-tory ma-te-rial
 []


Underfull \hbox (badness 5274) in paragraph at lines 169--169
[]|\T1/cmr/m/n/10 Review vic-tim im-pact state-
 []


Underfull \hbox (badness 10000) in paragraph at lines 180--180
[]|\T1/cmr/m/n/10 vocabulary re-view (cloth-ing,
 []


Underfull \hbox (badness 1132) in paragraph at lines 190--190
[]|\T1/cmr/m/n/10 Review prof-fer agree-ment and
 []


Underfull \hbox (badness 1297) in paragraph at lines 204--204
[]|\T1/cmr/m/n/10 Review de-tails and vo-cab for
 []


Underfull \hbox (badness 2111) in paragraph at lines 221--221
[]|\T1/cmr/m/n/10 review trans-la-tion with in-ter-
 []


Underfull \hbox (badness 10000) in paragraph at lines 228--228
[]|\T1/cmr/m/n/10 Review 911 tran-scrip-
 []


Underfull \hbox (badness 10000) in paragraph at lines 228--228
\T1/cmr/m/n/10 tion/translation, do-mes-tic
 []


Underfull \hbox (badness 4556) in paragraph at lines 228--228
\T1/cmr/m/n/10 in-ci-dent re-ports, and mis-de-
 []


Underfull \hbox (badness 1303) in paragraph at lines 245--245
[]|\T1/cmr/m/n/10 Review stran-gu-la-tion do-mes-tic
 []


Underfull \hbox (badness 3735) in paragraph at lines 260--260
[]|\T1/cmr/m/n/10 Review texts to pre-pare for
 []


Underfull \hbox (badness 1748) in paragraph at lines 277--277
[]|\T1/cmr/m/n/10 review vo-cab-u-lary for cur-rent
 []


Underfull \hbox (badness 7238) in paragraph at lines 295--295
[]|\T1/cmr/m/n/10 review body-cam footage for
 []


Underfull \hbox (badness 10000) in paragraph at lines 312--312
[]|\T1/cmr/m/n/10 translate crim-i-nal com-plaint
 []


Underfull \hbox (badness 10000) in paragraph at lines 314--314
[]|\T1/cmr/m/n/10 translate crim-i-nal com-plaint
 []



[11] [12] [13] [14] [15] [16] [17] [18]

[19]
<../figures/bar.png, id=70, 722.7pt x 433.62pt>
File: ../figures/bar.png Graphic file (type png)
<use ../figures/bar.png>
Package pdftex.def Info: ../figures/bar.png  used on input line 326.
(pdftex.def)             Requested size: 430.00462pt x 258.0038pt.
<../figures/pie.png, id=71, 578.16pt x 433.62pt>
File: ../figures/pie.png Graphic file (type png)
<use ../figures/pie.png>
Package pdftex.def Info: ../figures/pie.png  used on input line 333.
(pdftex.def)             Requested size: 430.00462pt x 322.50143pt.


[20 <../figures/bar.png>]

[21 <../figures/pie.png>]
<../sample_translations/source_1_1.png, id=80, 469.755pt x 499.8675pt>
File: ../sample_translations/source_1_1.png Graphic file (type png)
<use ../sample_translations/source_1_1.png>
Package pdftex.def Info: ../sample_translations/source_1_1.png  used on input l
ine 356.
(pdftex.def)             Requested size: 430.00462pt x 457.57259pt.


[22]
<../sample_translations/source_1_2.png, id=84, 452.4403pt x 650.43pt>
File: ../sample_translations/source_1_2.png Graphic file (type png)
<use ../sample_translations/source_1_2.png>
Package pdftex.def Info: ../sample_translations/source_1_2.png  used on input l
ine 361.
(pdftex.def)             Requested size: 430.00462pt x 618.17296pt.


[23 <../sample_translations/source_1_1.png>]
Overfull \vbox (61.6964pt too high) has occurred while \output is active []



[24 <../sample_translations/source_1_2.png>]
<../sample_translations/source_1_3.png, id=93, 435.12563pt x 650.43pt>
File: ../sample_translations/source_1_3.png Graphic file (type png)
<use ../sample_translations/source_1_3.png>
Package pdftex.def Info: ../sample_translations/source_1_3.png  used on input l
ine 367.
(pdftex.def)             Requested size: 430.00462pt x 642.81612pt.

Overfull \vbox (86.33955pt too high) has occurred while \output is active []



[25 <../sample_translations/source_1_3.png>]
<../sample_translations/target_1_1.png, id=99, 449.5194pt x 609.2361pt>
File: ../sample_translations/target_1_1.png Graphic file (type png)
<use ../sample_translations/target_1_1.png>
Package pdftex.def Info: ../sample_translations/target_1_1.png  used on input l
ine 374.
(pdftex.def)             Requested size: 430.00462pt x 582.80556pt.

Overfull \vbox (56.78502pt too high) has occurred while \output is active []



[26 <../sample_translations/target_1_1.png>]
<../sample_translations/target_1_2.png, id=104, 469.755pt x 604.1772pt>
File: ../sample_translations/target_1_2.png Graphic file (type png)
<use ../sample_translations/target_1_2.png>
Package pdftex.def Info: ../sample_translations/target_1_2.png  used on input l
ine 379.
(pdftex.def)             Requested size: 430.00462pt x 553.05641pt.
<../sample_translations/target_1_3.png, id=105, 469.755pt x 546.843pt>
File: ../sample_translations/target_1_3.png Graphic file (type png)
<use ../sample_translations/target_1_3.png>
Package pdftex.def Info: ../sample_translations/target_1_3.png  used on input l
ine 384.
(pdftex.def)             Requested size: 430.00462pt x 500.57338pt.


[27 <../sample_translations/target_1_2.png>]
<../sample_translations/target_1_4.png, id=110, 468.24937pt x 650.43pt>
File: ../sample_translations/target_1_4.png Graphic file (type png)
<use ../sample_translations/target_1_4.png>
Package pdftex.def Info: ../sample_translations/target_1_4.png  used on input l
ine 389.
(pdftex.def)             Requested size: 430.00462pt x 597.34091pt.


[28 <../sample_translations/target_1_3.png>]
Overfull \vbox (40.86435pt too high) has occurred while \output is active []



[29 <../sample_translations/target_1_4.png>]
<../sample_translations/source_2_1.png, id=119, 373.395pt x 247.67531pt>
File: ../sample_translations/source_2_1.png Graphic file (type png)
<use ../sample_translations/source_2_1.png>
Package pdftex.def Info: ../sample_translations/source_2_1.png  used on input l
ine 402.
(pdftex.def)             Requested size: 430.00462pt x 285.23631pt.
<../sample_translations/source_2_2.png, id=120, 469.755pt x 210.03468pt>
File: ../sample_translations/source_2_2.png Graphic file (type png)
<use ../sample_translations/source_2_2.png>
Package pdftex.def Info: ../sample_translations/source_2_2.png  used on input l
ine 407.
(pdftex.def)             Requested size: 430.00462pt x 192.26317pt.


[30 <../sample_translations/source_2_1.png>]
<../sample_translations/source_2_3.png, id=125, 469.755pt x 140.77594pt>
File: ../sample_translations/source_2_3.png Graphic file (type png)
<use ../sample_translations/source_2_3.png>
Package pdftex.def Info: ../sample_translations/source_2_3.png  used on input l
ine 412.
(pdftex.def)             Requested size: 430.00462pt x 128.86455pt.
<../sample_translations/target_2_1.png, id=126, 429.85594pt x 594.72188pt>
File: ../sample_translations/target_2_1.png Graphic file (type png)
<use ../sample_translations/target_2_1.png>
Package pdftex.def Info: ../sample_translations/target_2_1.png  used on input l
ine 419.
(pdftex.def)             Requested size: 430.00462pt x 594.93822pt.


[31 <../sample_translations/source_2_2.png> <../sample_translations/source_2_3.
png>]
Overfull \vbox (68.91768pt too high) has occurred while \output is active []



[32 <../sample_translations/target_2_1.png>]
<../sample_translations/target_2_2.png, id=137, 469.755pt x 179.16937pt>
File: ../sample_translations/target_2_2.png Graphic file (type png)
<use ../sample_translations/target_2_2.png>
Package pdftex.def Info: ../sample_translations/target_2_2.png  used on input l
ine 424.
(pdftex.def)             Requested size: 430.00462pt x 164.00945pt.
<../sample_translations/target_2_3.png, id=138, 469.755pt x 424.58624pt>
File: ../sample_translations/target_2_3.png Graphic file (type png)
<use ../sample_translations/target_2_3.png>
Package pdftex.def Info: ../sample_translations/target_2_3.png  used on input l
ine 429.
(pdftex.def)             Requested size: 430.00462pt x 388.66106pt.


[33 <../sample_translations/target_2_2.png>]

[34 <../sample_translations/target_2_3.png>] (./manuscript.bbl
LaTeX Font Info:    Trying to load font information for T1+cmtt on input line 8
.

(c:/texlive/2024/texmf-dist/tex/latex/base/t1cmtt.fd
File: t1cmtt.fd 2023/04/13 v2.5m Standard LaTeX font definitions
))

[35] (./manuscript.aux)
 ***********
LaTeX2e <2024-06-01> patch level 2
L3 programming layer <2024-05-27>
 ***********
 ) 
Here is how much of TeX's memory you used:
 4865 strings out of 473583
 80979 string characters out of 5732343
 2022908 words of memory out of 5000000
 27718 multiletter control sequences out of 15000+600000
 567194 words of font info for 54 fonts, out of 8000000 for 9000
 1141 hyphenation exceptions out of 8191
 57i,10n,65p,1421b,334s stack positions out of 10000i,1000n,20000p,200000b,200000s
<c:/texlive/2024/texmf-dist/fonts/type1/public/cm-super/sfbx1000.pfb><c:/texl
ive/2024/texmf-dist/fonts/type1/public/cm-super/sfbx1200.pfb><c:/texlive/2024/t
exmf-dist/fonts/type1/public/cm-super/sfbx1440.pfb><c:/texlive/2024/texmf-dist/
fonts/type1/public/cm-super/sfrm1000.pfb><c:/texlive/2024/texmf-dist/fonts/type
1/public/cm-super/sfrm1200.pfb><c:/texlive/2024/texmf-dist/fonts/type1/public/c
m-super/sfrm1728.pfb><c:/texlive/2024/texmf-dist/fonts/type1/public/cm-super/sf
ti1000.pfb><c:/texlive/2024/texmf-dist/fonts/type1/public/cm-super/sftt1000.pfb
>
Output written on manuscript.pdf (35 pages, 2096466 bytes).
PDF statistics:
 188 PDF objects out of 1000 (max. 8388607)
 104 compressed objects within 2 object streams
 0 named destinations out of 1000 (max. 500000)
 76 words of extra memory for PDF output out of 10000 (max. 10000000)

